Using pre-set license
Built from '2020.2/staging' branch; Version is '2020.2.6f1 (8a2143876886) revision 9052483'; Using compiler version '192528614'; Build Type 'Release'
OS: 'Windows 10 Enterprise; OS build 19041.867; Version 2004; 64bit' Language: 'ko' Physical Memory: 4011 MB
BatchMode: 1, IsHumanControllingUs: 0, StartBugReporterOnCrash: 0, Is64bit: 1, IsPro: 0

 COMMAND LINE ARGUMENTS:
C:\Program Files\Unity\Hub\Editor\2020.2.6f1\Editor\Unity.exe
-adb2
-batchMode
-noUpm
-name
AssetImportWorker0
-projectPath
C:/Users/Administrator/Desktop/unity(게임실습)/Bamsongi
-logFile
Logs/AssetImportWorker0.log
-srvPort
3088
Successfully changed project path to: C:/Users/Administrator/Desktop/unity(게임실습)/Bamsongi
C:/Users/Administrator/Desktop/unity(게임실습)/Bamsongi
Using Asset Import Pipeline V2.
Refreshing native plugins compatible for Editor in 84.24 ms, found 0 plugins.
Preloading 0 native plugins for Editor in 0.00 ms.
Initialize engine version: 2020.2.6f1 (8a2143876886)
[Subsystems] Discovering subsystems at path C:/Program Files/Unity/Hub/Editor/2020.2.6f1/Editor/Data/Resources/UnitySubsystems
[Subsystems] Discovering subsystems at path C:/Users/Administrator/Desktop/unity(게임실습)/Bamsongi/Assets
GfxDevice: creating device client; threaded=0
Direct3D:
    Version:  Direct3D 11.0 [level 11.1]
    Renderer: Intel(R) HD Graphics 620 (ID=0x5916)
    Vendor:   
    VRAM:     2005 MB
    Driver:   25.20.100.6518
Initialize mono
Mono path[0] = 'C:/Program Files/Unity/Hub/Editor/2020.2.6f1/Editor/Data/Managed'
Mono path[1] = 'C:/Program Files/Unity/Hub/Editor/2020.2.6f1/Editor/Data/MonoBleedingEdge/lib/mono/unityjit'
Mono config path = 'C:/Program Files/Unity/Hub/Editor/2020.2.6f1/Editor/Data/MonoBleedingEdge/etc'
Using monoOptions --debugger-agent=transport=dt_socket,embedding=1,server=y,suspend=n,address=127.0.0.1:56460
Begin MonoManager ReloadAssembly
Registering precompiled unity dll's ...
Register platform support module: C:/Program Files/Unity/Hub/Editor/2020.2.6f1/Editor/Data/PlaybackEngines/WindowsStandaloneSupport/UnityEditor.WindowsStandalone.Extensions.dll
Registered in 0.009965 seconds.
Native extension for WindowsStandalone target not found
Refreshing native plugins compatible for Editor in 50.06 ms, found 0 plugins.
Preloading 0 native plugins for Editor in 0.00 ms.
Invoked RoslynAnalysisRunner static constructor.
RoslynAnalysisRunner will not be running.
RoslynAnalysisRunner has terminated.
Mono: successfully reloaded assembly
- Completed reload, in 18.774 seconds
Platform modules already initialized, skipping
Registering precompiled user dll's ...
Registered in 0.005927 seconds.
Begin MonoManager ReloadAssembly
Native extension for WindowsStandalone target not found
Refreshing native plugins compatible for Editor in 0.31 ms, found 0 plugins.
Preloading 0 native plugins for Editor in 0.00 ms.
Invoked RoslynAnalysisRunner static constructor.
RoslynAnalysisRunner will not be running.
RoslynAnalysisRunner has terminated.
Mono: successfully reloaded assembly
- Completed reload, in  2.256 seconds
Platform modules already initialized, skipping
========================================================================
Worker process is ready to serve import requests
Launched and connected shader compiler UnityShaderCompiler.exe after 0.23 seconds
Refreshing native plugins compatible for Editor in 0.26 ms, found 0 plugins.
Preloading 0 native plugins for Editor in 0.00 ms.
Unloading 1106 Unused Serialized files (Serialized files now loaded: 0)
System memory in use before: 83.4 MB.
System memory in use after: 83.5 MB.

Unloading 10 unused Assets to reduce memory usage. Loaded Objects now: 1573.
Total: 3.241900 ms (FindLiveObjects: 0.167800 ms CreateObjectMapping: 0.044700 ms MarkObjects: 2.882200 ms  DeleteObjects: 0.144900 ms)

========================================================================
Received Import Request.
  path: Assets/BamsongiPrefab.prefab
  artifactKey: Guid(1d0c9dd3a6d813649955b7efc2a359e5) Importer(815301076,1909f56bfc062723c751e8b465ee728b)
Start importing Assets/BamsongiPrefab.prefab using Guid(1d0c9dd3a6d813649955b7efc2a359e5) Importer(815301076,1909f56bfc062723c751e8b465ee728b)  -> (artifact id: '5f4d071f9817439844883a52d78e8bf0') in 0.445394 seconds
  Import took 0.449449 seconds .

========================================================================
Received Prepare
Registering precompiled user dll's ...
Registered in 0.002671 seconds.
Begin MonoManager ReloadAssembly
Native extension for WindowsStandalone target not found
Refreshing native plugins compatible for Editor in 0.39 ms, found 0 plugins.
Preloading 0 native plugins for Editor in 0.00 ms.
Invoked RoslynAnalysisRunner static constructor.
RoslynAnalysisRunner will not be running.
RoslynAnalysisRunner has terminated.
Mono: successfully reloaded assembly
- Completed reload, in  2.504 seconds
Platform modules already initialized, skipping
Refreshing native plugins compatible for Editor in 0.21 ms, found 0 plugins.
Preloading 0 native plugins for Editor in 0.00 ms.
Unloading 1101 Unused Serialized files (Serialized files now loaded: 0)
System memory in use before: 86.5 MB.
System memory in use after: 86.6 MB.

Unloading 7 unused Assets to reduce memory usage. Loaded Objects now: 1582.
Total: 4.462400 ms (FindLiveObjects: 0.150000 ms CreateObjectMapping: 0.043900 ms MarkObjects: 4.163600 ms  DeleteObjects: 0.102900 ms)

========================================================================
Received Import Request.
  Time since last request: 24.018395 seconds.
  path: Assets/BamsongiPrefab.prefab
  artifactKey: Guid(1d0c9dd3a6d813649955b7efc2a359e5) Importer(815301076,1909f56bfc062723c751e8b465ee728b)
Start importing Assets/BamsongiPrefab.prefab using Guid(1d0c9dd3a6d813649955b7efc2a359e5) Importer(815301076,1909f56bfc062723c751e8b465ee728b)  -> (artifact id: '2427abac4a73efabf2ce2e799f6e19e9') in 0.177995 seconds
  Import took 0.183216 seconds .

========================================================================
Received Prepare
Registering precompiled user dll's ...
Registered in 0.001523 seconds.
Begin MonoManager ReloadAssembly
Native extension for WindowsStandalone target not found
Refreshing native plugins compatible for Editor in 0.51 ms, found 0 plugins.
Preloading 0 native plugins for Editor in 0.00 ms.
Invoked RoslynAnalysisRunner static constructor.
RoslynAnalysisRunner will not be running.
RoslynAnalysisRunner has terminated.
Mono: successfully reloaded assembly
- Completed reload, in  3.486 seconds
Platform modules already initialized, skipping
Refreshing native plugins compatible for Editor in 0.56 ms, found 0 plugins.
Preloading 0 native plugins for Editor in 0.00 ms.
Unloading 1101 Unused Serialized files (Serialized files now loaded: 0)
System memory in use before: 86.6 MB.
System memory in use after: 86.6 MB.

Unloading 7 unused Assets to reduce memory usage. Loaded Objects now: 1585.
Total: 8.081200 ms (FindLiveObjects: 1.189900 ms CreateObjectMapping: 1.093300 ms MarkObjects: 5.389500 ms  DeleteObjects: 0.404200 ms)

========================================================================
Received Import Request.
  Time since last request: 10.576493 seconds.
  path: Assets/BamsongiPrefab.prefab
  artifactKey: Guid(1d0c9dd3a6d813649955b7efc2a359e5) Importer(815301076,1909f56bfc062723c751e8b465ee728b)
Start importing Assets/BamsongiPrefab.prefab using Guid(1d0c9dd3a6d813649955b7efc2a359e5) Importer(815301076,1909f56bfc062723c751e8b465ee728b)  -> (artifact id: '8b9e5aefd7a5cb9a6fa7330ccd604ef6') in 0.311460 seconds
  Import took 0.326814 seconds .

AssetImportWorkerClient::OnTransportError - code=2 error=End of file
